# JRE version: OpenJDK Runtime Environment Temurin-21.0.9+10 (21.0.9+10) (build 21.0.9+10-LTS)
# Java VM: OpenJDK 64-Bit Server VM Temurin-21.0.9+10 (21.0.9+10-LTS, mixed mode, sharing, tiered, compressed oops, compressed class ptrs, parallel gc, windows-amd64)
GC Precious Log:
 CardTable entry size: 512
 CPUs: 8 total, 8 available
 Memory: 16283M
 Large Page Support: Disabled
 NUMA Support: Disabled
 Compressed Oops: Enabled (32-bit)
 Alignments: Space 512K, Generation 512K, Heap 2M
 Heap Min Capacity: 100M
 Heap Initial Capacity: 100M
 Heap Max Capacity: 2G
 Pre-touch: Disabled
 Parallel Workers: 8
Heap:
 PSYoungGen      total 10240K, used 8372K [0x00000000d5580000, 0x00000000d6100000, 0x0000000100000000)
  eden space 9728K, 81% used [0x00000000d5580000,0x00000000d5d3d330,0x00000000d5f00000)
  from space 512K, 87% used [0x00000000d6000000,0x00000000d6070020,0x00000000d6080000)
  to   space 512K, 0% used [0x00000000d6080000,0x00000000d6080000,0x00000000d6100000)
 ParOldGen       total 68608K, used 58904K [0x0000000080000000, 0x0000000084300000, 0x00000000d5580000)
  object space 68608K, 85% used [0x0000000080000000,0x0000000083986160,0x0000000084300000)
 Metaspace       used 55996K, committed 57472K, reserved 1114112K
  class space    used 6049K, committed 6656K, reserved 1048576K
GC Heap History (20 events):
Event: 13.577 GC heap before
{Heap before GC invocations=46 (full 2):
 PSYoungGen      total 10240K, used 10072K [0x00000000d5580000, 0x00000000d6180000, 0x0000000100000000)
  eden space 9728K, 99% used [0x00000000d5580000,0x00000000d5ef6248,0x00000000d5f00000)
  from space 512K, 75% used [0x00000000d6080000,0x00000000d60e0010,0x00000000d6100000)
  to   space 512K, 0% used [0x00000000d6100000,0x00000000d6100000,0x00000000d6180000)
 ParOldGen       total 68608K, used 56162K [0x0000000080000000, 0x0000000084300000, 0x00000000d5580000)
  object space 68608K, 81% used [0x0000000080000000,0x00000000836d8a70,0x0000000084300000)
 Metaspace       used 52206K, committed 53632K, reserved 1114112K
  class space    used 5707K, committed 6336K, reserved 1048576K
}
Event: 13.578 GC heap after
{Heap after GC invocations=46 (full 2):
 PSYoungGen      total 10240K, used 288K [0x00000000d5580000, 0x00000000d6180000, 0x0000000100000000)
  eden space 9728K, 0% used [0x00000000d5580000,0x00000000d5580000,0x00000000d5f00000)
  from space 512K, 56% used [0x00000000d6100000,0x00000000d6148000,0x00000000d6180000)
  to   space 512K, 0% used [0x00000000d6080000,0x00000000d6080000,0x00000000d6100000)
 ParOldGen       total 68608K, used 56378K [0x0000000080000000, 0x0000000084300000, 0x00000000d5580000)
  object space 68608K, 82% used [0x0000000080000000,0x000000008370ea70,0x0000000084300000)
 Metaspace       used 52206K, committed 53632K, reserved 1114112K
  class space    used 5707K, committed 6336K, reserved 1048576K
}
Event: 13.644 GC heap before
{Heap before GC invocations=47 (full 2):
 PSYoungGen      total 10240K, used 9971K [0x00000000d5580000, 0x00000000d6180000, 0x0000000100000000)
  eden space 9728K, 99% used [0x00000000d5580000,0x00000000d5ef4e70,0x00000000d5f00000)
  from space 512K, 56% used [0x00000000d6100000,0x00000000d6148000,0x00000000d6180000)
  to   space 512K, 0% used [0x00000000d6080000,0x00000000d6080000,0x00000000d6100000)
 ParOldGen       total 68608K, used 56378K [0x0000000080000000, 0x0000000084300000, 0x00000000d5580000)
  object space 68608K, 82% used [0x0000000080000000,0x000000008370ea70,0x0000000084300000)
 Metaspace       used 52834K, committed 54208K, reserved 1114112K
  class space    used 5746K, committed 6336K, reserved 1048576K
}
Event: 13.646 GC heap after
{Heap after GC invocations=47 (full 2):
 PSYoungGen      total 10240K, used 478K [0x00000000d5580000, 0x00000000d6180000, 0x0000000100000000)
  eden space 9728K, 0% used [0x00000000d5580000,0x00000000d5580000,0x00000000d5f00000)
  from space 512K, 93% used [0x00000000d6080000,0x00000000d60f7880,0x00000000d6100000)
  to   space 512K, 0% used [0x00000000d6100000,0x00000000d6100000,0x00000000d6180000)
 ParOldGen       total 68608K, used 57254K [0x0000000080000000, 0x0000000084300000, 0x00000000d5580000)
  object space 68608K, 83% used [0x0000000080000000,0x00000000837e9850,0x0000000084300000)
 Metaspace       used 52834K, committed 54208K, reserved 1114112K
  class space    used 5746K, committed 6336K, reserved 1048576K
}
Event: 13.685 GC heap before
{Heap before GC invocations=48 (full 2):
 PSYoungGen      total 10240K, used 10206K [0x00000000d5580000, 0x00000000d6180000, 0x0000000100000000)
  eden space 9728K, 100% used [0x00000000d5580000,0x00000000d5f00000,0x00000000d5f00000)
  from space 512K, 93% used [0x00000000d6080000,0x00000000d60f7880,0x00000000d6100000)
  to   space 512K, 0% used [0x00000000d6100000,0x00000000d6100000,0x00000000d6180000)
 ParOldGen       total 68608K, used 57254K [0x0000000080000000, 0x0000000084300000, 0x00000000d5580000)
  object space 68608K, 83% used [0x0000000080000000,0x00000000837e9850,0x0000000084300000)
 Metaspace       used 52845K, committed 54208K, reserved 1114112K
  class space    used 5746K, committed 6336K, reserved 1048576K
}
Event: 13.686 GC heap after
{Heap after GC invocations=48 (full 2):
 PSYoungGen      total 10240K, used 499K [0x00000000d5580000, 0x00000000d6200000, 0x0000000100000000)
  eden space 9728K, 0% used [0x00000000d5580000,0x00000000d5580000,0x00000000d5f00000)
  from space 512K, 97% used [0x00000000d6100000,0x00000000d617ce80,0x00000000d6180000)
  to   space 1536K, 0% used [0x00000000d5f00000,0x00000000d5f00000,0x00000000d6080000)
 ParOldGen       total 68608K, used 57761K [0x0000000080000000, 0x0000000084300000, 0x00000000d5580000)
  object space 68608K, 84% used [0x0000000080000000,0x0000000083868470,0x0000000084300000)
 Metaspace       used 52845K, committed 54208K, reserved 1114112K
  class space    used 5746K, committed 6336K, reserved 1048576K
}
Event: 13.740 GC heap before
{Heap before GC invocations=49 (full 2):
 PSYoungGen      total 10240K, used 10213K [0x00000000d5580000, 0x00000000d6200000, 0x0000000100000000)
  eden space 9728K, 99% used [0x00000000d5580000,0x00000000d5efc968,0x00000000d5f00000)
  from space 512K, 97% used [0x00000000d6100000,0x00000000d617ce80,0x00000000d6180000)
  to   space 1536K, 0% used [0x00000000d5f00000,0x00000000d5f00000,0x00000000d6080000)
 ParOldGen       total 68608K, used 57761K [0x0000000080000000, 0x0000000084300000, 0x00000000d5580000)
  object space 68608K, 84% used [0x0000000080000000,0x0000000083868470,0x0000000084300000)
 Metaspace       used 52856K, committed 54208K, reserved 1114112K
  class space    used 5746K, committed 6336K, reserved 1048576K
}
Event: 13.742 GC heap after
{Heap after GC invocations=49 (full 2):
 PSYoungGen      total 11264K, used 282K [0x00000000d5580000, 0x00000000d6180000, 0x0000000100000000)
  eden space 9728K, 0% used [0x00000000d5580000,0x00000000d5580000,0x00000000d5f00000)
  from space 1536K, 18% used [0x00000000d5f00000,0x00000000d5f469c8,0x00000000d6080000)
  to   space 1024K, 0% used [0x00000000d6080000,0x00000000d6080000,0x00000000d6180000)
 ParOldGen       total 68608K, used 57905K [0x0000000080000000, 0x0000000084300000, 0x00000000d5580000)
  object space 68608K, 84% used [0x0000000080000000,0x000000008388c470,0x0000000084300000)
 Metaspace       used 52856K, committed 54208K, reserved 1114112K
  class space    used 5746K, committed 6336K, reserved 1048576K
}
Event: 13.771 GC heap before
{Heap before GC invocations=50 (full 2):
 PSYoungGen      total 11264K, used 10010K [0x00000000d5580000, 0x00000000d6180000, 0x0000000100000000)
  eden space 9728K, 100% used [0x00000000d5580000,0x00000000d5f00000,0x00000000d5f00000)
  from space 1536K, 18% used [0x00000000d5f00000,0x00000000d5f469c8,0x00000000d6080000)
  to   space 1024K, 0% used [0x00000000d6080000,0x00000000d6080000,0x00000000d6180000)
 ParOldGen       total 68608K, used 57905K [0x0000000080000000, 0x0000000084300000, 0x00000000d5580000)
  object space 68608K, 84% used [0x0000000080000000,0x000000008388c470,0x0000000084300000)
 Metaspace       used 53112K, committed 54528K, reserved 1114112K
  class space    used 5760K, committed 6400K, reserved 1048576K
}
Event: 13.771 GC heap after
{Heap after GC invocations=50 (full 2):
 PSYoungGen      total 10240K, used 224K [0x00000000d5580000, 0x00000000d6100000, 0x0000000100000000)
  eden space 9728K, 0% used [0x00000000d5580000,0x00000000d5580000,0x00000000d5f00000)
  from space 512K, 43% used [0x00000000d6080000,0x00000000d60b8000,0x00000000d6100000)
  to   space 512K, 0% used [0x00000000d6000000,0x00000000d6000000,0x00000000d6080000)
 ParOldGen       total 68608K, used 57921K [0x0000000080000000, 0x0000000084300000, 0x00000000d5580000)
  object space 68608K, 84% used [0x0000000080000000,0x0000000083890470,0x0000000084300000)
 Metaspace       used 53112K, committed 54528K, reserved 1114112K
  class space    used 5760K, committed 6400K, reserved 1048576K
}
Event: 13.972 GC heap before
{Heap before GC invocations=51 (full 2):
 PSYoungGen      total 10240K, used 9952K [0x00000000d5580000, 0x00000000d6100000, 0x0000000100000000)
  eden space 9728K, 100% used [0x00000000d5580000,0x00000000d5f00000,0x00000000d5f00000)
  from space 512K, 43% used [0x00000000d6080000,0x00000000d60b8000,0x00000000d6100000)
  to   space 512K, 0% used [0x00000000d6000000,0x00000000d6000000,0x00000000d6080000)
 ParOldGen       total 68608K, used 57921K [0x0000000080000000, 0x0000000084300000, 0x00000000d5580000)
  object space 68608K, 84% used [0x0000000080000000,0x0000000083890470,0x0000000084300000)
 Metaspace       used 54696K, committed 56064K, reserved 1114112K
  class space    used 5923K, committed 6528K, reserved 1048576K
}
Event: 13.973 GC heap after
{Heap after GC invocations=51 (full 2):
 PSYoungGen      total 10240K, used 480K [0x00000000d5580000, 0x00000000d6100000, 0x0000000100000000)
  eden space 9728K, 0% used [0x00000000d5580000,0x00000000d5580000,0x00000000d5f00000)
  from space 512K, 93% used [0x00000000d6000000,0x00000000d6078020,0x00000000d6080000)
  to   space 512K, 0% used [0x00000000d6080000,0x00000000d6080000,0x00000000d6100000)
 ParOldGen       total 68608K, used 58009K [0x0000000080000000, 0x0000000084300000, 0x00000000d5580000)
  object space 68608K, 84% used [0x0000000080000000,0x00000000838a6480,0x0000000084300000)
 Metaspace       used 54696K, committed 56064K, reserved 1114112K
  class space    used 5923K, committed 6528K, reserved 1048576K
}
Event: 14.371 GC heap before
{Heap before GC invocations=52 (full 2):
 PSYoungGen      total 10240K, used 10208K [0x00000000d5580000, 0x00000000d6100000, 0x0000000100000000)
  eden space 9728K, 100% used [0x00000000d5580000,0x00000000d5f00000,0x00000000d5f00000)
  from space 512K, 93% used [0x00000000d6000000,0x00000000d6078020,0x00000000d6080000)
  to   space 512K, 0% used [0x00000000d6080000,0x00000000d6080000,0x00000000d6100000)
 ParOldGen       total 68608K, used 58009K [0x0000000080000000, 0x0000000084300000, 0x00000000d5580000)
  object space 68608K, 84% used [0x0000000080000000,0x00000000838a6480,0x0000000084300000)
 Metaspace       used 55549K, committed 57024K, reserved 1114112K
  class space    used 6016K, committed 6656K, reserved 1048576K
}
Event: 14.372 GC heap after
{Heap after GC invocations=52 (full 2):
 PSYoungGen      total 10240K, used 448K [0x00000000d5580000, 0x00000000d6100000, 0x0000000100000000)
  eden space 9728K, 0% used [0x00000000d5580000,0x00000000d5580000,0x00000000d5f00000)
  from space 512K, 87% used [0x00000000d6080000,0x00000000d60f0000,0x00000000d6100000)
  to   space 512K, 0% used [0x00000000d6000000,0x00000000d6000000,0x00000000d6080000)
 ParOldGen       total 68608K, used 58401K [0x0000000080000000, 0x0000000084300000, 0x00000000d5580000)
  object space 68608K, 85% used [0x0000000080000000,0x00000000839084a0,0x0000000084300000)
 Metaspace       used 55549K, committed 57024K, reserved 1114112K
  class space    used 6016K, committed 6656K, reserved 1048576K
}
Event: 14.601 GC heap before
{Heap before GC invocations=53 (full 2):
 PSYoungGen      total 10240K, used 10176K [0x00000000d5580000, 0x00000000d6100000, 0x0000000100000000)
  eden space 9728K, 100% used [0x00000000d5580000,0x00000000d5f00000,0x00000000d5f00000)
  from space 512K, 87% used [0x00000000d6080000,0x00000000d60f0000,0x00000000d6100000)
  to   space 512K, 0% used [0x00000000d6000000,0x00000000d6000000,0x00000000d6080000)
 ParOldGen       total 68608K, used 58401K [0x0000000080000000, 0x0000000084300000, 0x00000000d5580000)
  object space 68608K, 85% used [0x0000000080000000,0x00000000839084a0,0x0000000084300000)
 Metaspace       used 55756K, committed 57216K, reserved 1114112K
  class space    used 6040K, committed 6656K, reserved 1048576K
}
Event: 14.603 GC heap after
{Heap after GC invocations=53 (full 2):
 PSYoungGen      total 10240K, used 416K [0x00000000d5580000, 0x00000000d6100000, 0x0000000100000000)
  eden space 9728K, 0% used [0x00000000d5580000,0x00000000d5580000,0x00000000d5f00000)
  from space 512K, 81% used [0x00000000d6000000,0x00000000d6068000,0x00000000d6080000)
  to   space 512K, 0% used [0x00000000d6080000,0x00000000d6080000,0x00000000d6100000)
 ParOldGen       total 68608K, used 58632K [0x0000000080000000, 0x0000000084300000, 0x00000000d5580000)
  object space 68608K, 85% used [0x0000000080000000,0x0000000083942160,0x0000000084300000)
 Metaspace       used 55756K, committed 57216K, reserved 1114112K
  class space    used 6040K, committed 6656K, reserved 1048576K
}
Event: 15.169 GC heap before
{Heap before GC invocations=54 (full 2):
 PSYoungGen      total 10240K, used 10144K [0x00000000d5580000, 0x00000000d6100000, 0x0000000100000000)
  eden space 9728K, 100% used [0x00000000d5580000,0x00000000d5f00000,0x00000000d5f00000)
  from space 512K, 81% used [0x00000000d6000000,0x00000000d6068000,0x00000000d6080000)
  to   space 512K, 0% used [0x00000000d6080000,0x00000000d6080000,0x00000000d6100000)
 ParOldGen       total 68608K, used 58632K [0x0000000080000000, 0x0000000084300000, 0x00000000d5580000)
  object space 68608K, 85% used [0x0000000080000000,0x0000000083942160,0x0000000084300000)
 Metaspace       used 55876K, committed 57280K, reserved 1114112K
  class space    used 6046K, committed 6656K, reserved 1048576K
}
Event: 15.171 GC heap after
{Heap after GC invocations=54 (full 2):
 PSYoungGen      total 10240K, used 320K [0x00000000d5580000, 0x00000000d6100000, 0x0000000100000000)
  eden space 9728K, 0% used [0x00000000d5580000,0x00000000d5580000,0x00000000d5f00000)
  from space 512K, 62% used [0x00000000d6080000,0x00000000d60d0000,0x00000000d6100000)
  to   space 512K, 0% used [0x00000000d6000000,0x00000000d6000000,0x00000000d6080000)
 ParOldGen       total 68608K, used 58784K [0x0000000080000000, 0x0000000084300000, 0x00000000d5580000)
  object space 68608K, 85% used [0x0000000080000000,0x0000000083968160,0x0000000084300000)
 Metaspace       used 55876K, committed 57280K, reserved 1114112K
  class space    used 6046K, committed 6656K, reserved 1048576K
}
Event: 15.311 GC heap before
{Heap before GC invocations=55 (full 2):
 PSYoungGen      total 10240K, used 10048K [0x00000000d5580000, 0x00000000d6100000, 0x0000000100000000)
  eden space 9728K, 100% used [0x00000000d5580000,0x00000000d5f00000,0x00000000d5f00000)
  from space 512K, 62% used [0x00000000d6080000,0x00000000d60d0000,0x00000000d6100000)
  to   space 512K, 0% used [0x00000000d6000000,0x00000000d6000000,0x00000000d6080000)
 ParOldGen       total 68608K, used 58784K [0x0000000080000000, 0x0000000084300000, 0x00000000d5580000)
  object space 68608K, 85% used [0x0000000080000000,0x0000000083968160,0x0000000084300000)
 Metaspace       used 55961K, committed 57344K, reserved 1114112K
  class space    used 6049K, committed 6656K, reserved 1048576K
}
Event: 15.314 GC heap after
{Heap after GC invocations=55 (full 2):
 PSYoungGen      total 10240K, used 448K [0x00000000d5580000, 0x00000000d6100000, 0x0000000100000000)
  eden space 9728K, 0% used [0x00000000d5580000,0x00000000d5580000,0x00000000d5f00000)
  from space 512K, 87% used [0x00000000d6000000,0x00000000d6070020,0x00000000d6080000)
  to   space 512K, 0% used [0x00000000d6080000,0x00000000d6080000,0x00000000d6100000)
 ParOldGen       total 68608K, used 58904K [0x0000000080000000, 0x0000000084300000, 0x00000000d5580000)
  object space 68608K, 85% used [0x0000000080000000,0x0000000083986160,0x0000000084300000)
 Metaspace       used 55961K, committed 57344K, reserved 1114112K
  class space    used 6049K, committed 6656K, reserved 1048576K
}

