# JRE version: OpenJDK Runtime Environment Temurin-21.0.9+10 (21.0.9+10) (build 21.0.9+10-LTS)
# Java VM: OpenJDK 64-Bit Server VM Temurin-21.0.9+10 (21.0.9+10-LTS, mixed mode, sharing, tiered, compressed oops, compressed class ptrs, parallel gc, windows-amd64)
GC Precious Log:
 CardTable entry size: 512
 CPUs: 8 total, 8 available
 Memory: 16283M
 Large Page Support: Disabled
 NUMA Support: Disabled
 Compressed Oops: Enabled (32-bit)
 Alignments: Space 512K, Generation 512K, Heap 2M
 Heap Min Capacity: 100M
 Heap Initial Capacity: 100M
 Heap Max Capacity: 2G
 Pre-touch: Disabled
 Parallel Workers: 8
Heap:
 PSYoungGen      total 16384K, used 13032K [0x00000000d5580000, 0x00000000d6800000, 0x0000000100000000)
  eden space 14848K, 78% used [0x00000000d5580000,0x00000000d60e22d8,0x00000000d6400000)
  from space 1536K, 89% used [0x00000000d6400000,0x00000000d6558060,0x00000000d6580000)
  to   space 2048K, 0% used [0x00000000d6600000,0x00000000d6600000,0x00000000d6800000)
 ParOldGen       total 79872K, used 79365K [0x0000000080000000, 0x0000000084e00000, 0x00000000d5580000)
  object space 79872K, 99% used [0x0000000080000000,0x0000000084d81498,0x0000000084e00000)
 Metaspace       used 45995K, committed 46976K, reserved 1114112K
  class space    used 4356K, committed 4800K, reserved 1048576K
GC Heap History (20 events):
Event: 12.435 GC heap before
{Heap before GC invocations=50 (full 2):
 PSYoungGen      total 20480K, used 20249K [0x00000000d5580000, 0x00000000d6c00000, 0x0000000100000000)
  eden space 18944K, 100% used [0x00000000d5580000,0x00000000d6800000,0x00000000d6800000)
  from space 1536K, 84% used [0x00000000d6800000,0x00000000d69464c8,0x00000000d6980000)
  to   space 2048K, 0% used [0x00000000d6a00000,0x00000000d6a00000,0x00000000d6c00000)
 ParOldGen       total 68608K, used 61606K [0x0000000080000000, 0x0000000084300000, 0x00000000d5580000)
  object space 68608K, 89% used [0x0000000080000000,0x0000000083c29848,0x0000000084300000)
 Metaspace       used 45601K, committed 46656K, reserved 1114112K
  class space    used 4350K, committed 4800K, reserved 1048576K
}
Event: 12.438 GC heap after
{Heap after GC invocations=50 (full 2):
 PSYoungGen      total 20992K, used 1872K [0x00000000d5580000, 0x00000000d6c00000, 0x0000000100000000)
  eden space 18944K, 0% used [0x00000000d5580000,0x00000000d5580000,0x00000000d6800000)
  from space 2048K, 91% used [0x00000000d6a00000,0x00000000d6bd4070,0x00000000d6c00000)
  to   space 2048K, 0% used [0x00000000d6800000,0x00000000d6800000,0x00000000d6a00000)
 ParOldGen       total 68608K, used 62644K [0x0000000080000000, 0x0000000084300000, 0x00000000d5580000)
  object space 68608K, 91% used [0x0000000080000000,0x0000000083d2d1d0,0x0000000084300000)
 Metaspace       used 45601K, committed 46656K, reserved 1114112K
  class space    used 4350K, committed 4800K, reserved 1048576K
}
Event: 12.548 GC heap before
{Heap before GC invocations=51 (full 2):
 PSYoungGen      total 20992K, used 20816K [0x00000000d5580000, 0x00000000d6c00000, 0x0000000100000000)
  eden space 18944K, 100% used [0x00000000d5580000,0x00000000d6800000,0x00000000d6800000)
  from space 2048K, 91% used [0x00000000d6a00000,0x00000000d6bd4070,0x00000000d6c00000)
  to   space 2048K, 0% used [0x00000000d6800000,0x00000000d6800000,0x00000000d6a00000)
 ParOldGen       total 68608K, used 62644K [0x0000000080000000, 0x0000000084300000, 0x00000000d5580000)
  object space 68608K, 91% used [0x0000000080000000,0x0000000083d2d1d0,0x0000000084300000)
 Metaspace       used 45673K, committed 46720K, reserved 1114112K
  class space    used 4351K, committed 4800K, reserved 1048576K
}
Event: 12.552 GC heap after
{Heap after GC invocations=51 (full 2):
 PSYoungGen      total 20992K, used 2016K [0x00000000d5580000, 0x00000000d7100000, 0x0000000100000000)
  eden space 18944K, 0% used [0x00000000d5580000,0x00000000d5580000,0x00000000d6800000)
  from space 2048K, 98% used [0x00000000d6800000,0x00000000d69f8040,0x00000000d6a00000)
  to   space 4608K, 0% used [0x00000000d6c80000,0x00000000d6c80000,0x00000000d7100000)
 ParOldGen       total 68608K, used 64696K [0x0000000080000000, 0x0000000084300000, 0x00000000d5580000)
  object space 68608K, 94% used [0x0000000080000000,0x0000000083f2e2c0,0x0000000084300000)
 Metaspace       used 45673K, committed 46720K, reserved 1114112K
  class space    used 4351K, committed 4800K, reserved 1048576K
}
Event: 12.650 GC heap before
{Heap before GC invocations=52 (full 2):
 PSYoungGen      total 20992K, used 20960K [0x00000000d5580000, 0x00000000d7100000, 0x0000000100000000)
  eden space 18944K, 100% used [0x00000000d5580000,0x00000000d6800000,0x00000000d6800000)
  from space 2048K, 98% used [0x00000000d6800000,0x00000000d69f8040,0x00000000d6a00000)
  to   space 4608K, 0% used [0x00000000d6c80000,0x00000000d6c80000,0x00000000d7100000)
 ParOldGen       total 68608K, used 64696K [0x0000000080000000, 0x0000000084300000, 0x00000000d5580000)
  object space 68608K, 94% used [0x0000000080000000,0x0000000083f2e2c0,0x0000000084300000)
 Metaspace       used 45732K, committed 46720K, reserved 1114112K
  class space    used 4351K, committed 4800K, reserved 1048576K
}
Event: 12.654 GC heap after
{Heap after GC invocations=52 (full 2):
 PSYoungGen      total 22016K, used 2672K [0x00000000d5580000, 0x00000000d6f80000, 0x0000000100000000)
  eden space 18944K, 0% used [0x00000000d5580000,0x00000000d5580000,0x00000000d6800000)
  from space 3072K, 86% used [0x00000000d6c80000,0x00000000d6f1c090,0x00000000d6f80000)
  to   space 3584K, 0% used [0x00000000d6880000,0x00000000d6880000,0x00000000d6c00000)
 ParOldGen       total 68608K, used 66661K [0x0000000080000000, 0x0000000084300000, 0x00000000d5580000)
  object space 68608K, 97% used [0x0000000080000000,0x0000000084119510,0x0000000084300000)
 Metaspace       used 45732K, committed 46720K, reserved 1114112K
  class space    used 4351K, committed 4800K, reserved 1048576K
}
Event: 12.708 GC heap before
{Heap before GC invocations=53 (full 2):
 PSYoungGen      total 22016K, used 21616K [0x00000000d5580000, 0x00000000d6f80000, 0x0000000100000000)
  eden space 18944K, 100% used [0x00000000d5580000,0x00000000d6800000,0x00000000d6800000)
  from space 3072K, 86% used [0x00000000d6c80000,0x00000000d6f1c090,0x00000000d6f80000)
  to   space 3584K, 0% used [0x00000000d6880000,0x00000000d6880000,0x00000000d6c00000)
 ParOldGen       total 68608K, used 66661K [0x0000000080000000, 0x0000000084300000, 0x00000000d5580000)
  object space 68608K, 97% used [0x0000000080000000,0x0000000084119510,0x0000000084300000)
 Metaspace       used 45742K, committed 46784K, reserved 1114112K
  class space    used 4351K, committed 4800K, reserved 1048576K
}
Event: 12.713 GC heap after
{Heap after GC invocations=53 (full 2):
 PSYoungGen      total 20992K, used 1888K [0x00000000d5580000, 0x00000000d6d00000, 0x0000000100000000)
  eden space 18944K, 0% used [0x00000000d5580000,0x00000000d5580000,0x00000000d6800000)
  from space 2048K, 92% used [0x00000000d6880000,0x00000000d6a580a0,0x00000000d6a80000)
  to   space 2560K, 0% used [0x00000000d6a80000,0x00000000d6a80000,0x00000000d6d00000)
 ParOldGen       total 69120K, used 68909K [0x0000000080000000, 0x0000000084380000, 0x00000000d5580000)
  object space 69120K, 99% used [0x0000000080000000,0x000000008434b790,0x0000000084380000)
 Metaspace       used 45742K, committed 46784K, reserved 1114112K
  class space    used 4351K, committed 4800K, reserved 1048576K
}
Event: 12.812 GC heap before
{Heap before GC invocations=54 (full 2):
 PSYoungGen      total 20992K, used 20804K [0x00000000d5580000, 0x00000000d6d00000, 0x0000000100000000)
  eden space 18944K, 99% used [0x00000000d5580000,0x00000000d67f9218,0x00000000d6800000)
  from space 2048K, 92% used [0x00000000d6880000,0x00000000d6a580a0,0x00000000d6a80000)
  to   space 2560K, 0% used [0x00000000d6a80000,0x00000000d6a80000,0x00000000d6d00000)
 ParOldGen       total 69120K, used 68909K [0x0000000080000000, 0x0000000084380000, 0x00000000d5580000)
  object space 69120K, 99% used [0x0000000080000000,0x000000008434b790,0x0000000084380000)
 Metaspace       used 45767K, committed 46784K, reserved 1114112K
  class space    used 4351K, committed 4800K, reserved 1048576K
}
Event: 12.816 GC heap after
{Heap after GC invocations=54 (full 2):
 PSYoungGen      total 18944K, used 2548K [0x00000000d5580000, 0x00000000d7200000, 0x0000000100000000)
  eden space 16384K, 0% used [0x00000000d5580000,0x00000000d5580000,0x00000000d6580000)
  from space 2560K, 99% used [0x00000000d6a80000,0x00000000d6cfd030,0x00000000d6d00000)
  to   space 5120K, 0% used [0x00000000d6580000,0x00000000d6580000,0x00000000d6a80000)
 ParOldGen       total 71168K, used 70662K [0x0000000080000000, 0x0000000084580000, 0x00000000d5580000)
  object space 71168K, 99% used [0x0000000080000000,0x0000000084501830,0x0000000084580000)
 Metaspace       used 45767K, committed 46784K, reserved 1114112K
  class space    used 4351K, committed 4800K, reserved 1048576K
}
Event: 12.919 GC heap before
{Heap before GC invocations=55 (full 2):
 PSYoungGen      total 18944K, used 18932K [0x00000000d5580000, 0x00000000d7200000, 0x0000000100000000)
  eden space 16384K, 100% used [0x00000000d5580000,0x00000000d6580000,0x00000000d6580000)
  from space 2560K, 99% used [0x00000000d6a80000,0x00000000d6cfd030,0x00000000d6d00000)
  to   space 5120K, 0% used [0x00000000d6580000,0x00000000d6580000,0x00000000d6a80000)
 ParOldGen       total 71168K, used 70662K [0x0000000080000000, 0x0000000084580000, 0x00000000d5580000)
  object space 71168K, 99% used [0x0000000080000000,0x0000000084501830,0x0000000084580000)
 Metaspace       used 45847K, committed 46848K, reserved 1114112K
  class space    used 4351K, committed 4800K, reserved 1048576K
}
Event: 12.922 GC heap after
{Heap after GC invocations=55 (full 2):
 PSYoungGen      total 18944K, used 2212K [0x00000000d5580000, 0x00000000d6b80000, 0x0000000100000000)
  eden space 16384K, 0% used [0x00000000d5580000,0x00000000d5580000,0x00000000d6580000)
  from space 2560K, 86% used [0x00000000d6580000,0x00000000d67a9000,0x00000000d6800000)
  to   space 3072K, 0% used [0x00000000d6880000,0x00000000d6880000,0x00000000d6b80000)
 ParOldGen       total 73216K, used 73102K [0x0000000080000000, 0x0000000084780000, 0x00000000d5580000)
  object space 73216K, 99% used [0x0000000080000000,0x00000000847638d0,0x0000000084780000)
 Metaspace       used 45847K, committed 46848K, reserved 1114112K
  class space    used 4351K, committed 4800K, reserved 1048576K
}
Event: 13.001 GC heap before
{Heap before GC invocations=56 (full 2):
 PSYoungGen      total 18944K, used 18596K [0x00000000d5580000, 0x00000000d6b80000, 0x0000000100000000)
  eden space 16384K, 100% used [0x00000000d5580000,0x00000000d6580000,0x00000000d6580000)
  from space 2560K, 86% used [0x00000000d6580000,0x00000000d67a9000,0x00000000d6800000)
  to   space 3072K, 0% used [0x00000000d6880000,0x00000000d6880000,0x00000000d6b80000)
 ParOldGen       total 73216K, used 73102K [0x0000000080000000, 0x0000000084780000, 0x00000000d5580000)
  object space 73216K, 99% used [0x0000000080000000,0x00000000847638d0,0x0000000084780000)
 Metaspace       used 45870K, committed 46912K, reserved 1114112K
  class space    used 4351K, committed 4800K, reserved 1048576K
}
Event: 13.004 GC heap after
{Heap after GC invocations=56 (full 2):
 PSYoungGen      total 17920K, used 1408K [0x00000000d5580000, 0x00000000d6a00000, 0x0000000100000000)
  eden space 16384K, 0% used [0x00000000d5580000,0x00000000d5580000,0x00000000d6580000)
  from space 1536K, 91% used [0x00000000d6880000,0x00000000d69e0040,0x00000000d6a00000)
  to   space 2048K, 0% used [0x00000000d6600000,0x00000000d6600000,0x00000000d6800000)
 ParOldGen       total 75264K, used 75014K [0x0000000080000000, 0x0000000084980000, 0x00000000d5580000)
  object space 75264K, 99% used [0x0000000080000000,0x0000000084941930,0x0000000084980000)
 Metaspace       used 45870K, committed 46912K, reserved 1114112K
  class space    used 4351K, committed 4800K, reserved 1048576K
}
Event: 13.076 GC heap before
{Heap before GC invocations=57 (full 2):
 PSYoungGen      total 17920K, used 17792K [0x00000000d5580000, 0x00000000d6a00000, 0x0000000100000000)
  eden space 16384K, 100% used [0x00000000d5580000,0x00000000d6580000,0x00000000d6580000)
  from space 1536K, 91% used [0x00000000d6880000,0x00000000d69e0040,0x00000000d6a00000)
  to   space 2048K, 0% used [0x00000000d6600000,0x00000000d6600000,0x00000000d6800000)
 ParOldGen       total 75264K, used 75014K [0x0000000080000000, 0x0000000084980000, 0x00000000d5580000)
  object space 75264K, 99% used [0x0000000080000000,0x0000000084941930,0x0000000084980000)
 Metaspace       used 45890K, committed 46912K, reserved 1114112K
  class space    used 4351K, committed 4800K, reserved 1048576K
}
Event: 13.078 GC heap after
{Heap after GC invocations=57 (full 2):
 PSYoungGen      total 17920K, used 1456K [0x00000000d5580000, 0x00000000d6900000, 0x0000000100000000)
  eden space 16384K, 0% used [0x00000000d5580000,0x00000000d5580000,0x00000000d6580000)
  from space 1536K, 94% used [0x00000000d6600000,0x00000000d676c030,0x00000000d6780000)
  to   space 1536K, 0% used [0x00000000d6780000,0x00000000d6780000,0x00000000d6900000)
 ParOldGen       total 76288K, used 76271K [0x0000000080000000, 0x0000000084a80000, 0x00000000d5580000)
  object space 76288K, 99% used [0x0000000080000000,0x0000000084a7bd40,0x0000000084a80000)
 Metaspace       used 45890K, committed 46912K, reserved 1114112K
  class space    used 4351K, committed 4800K, reserved 1048576K
}
Event: 13.127 GC heap before
{Heap before GC invocations=58 (full 2):
 PSYoungGen      total 17920K, used 17840K [0x00000000d5580000, 0x00000000d6900000, 0x0000000100000000)
  eden space 16384K, 100% used [0x00000000d5580000,0x00000000d6580000,0x00000000d6580000)
  from space 1536K, 94% used [0x00000000d6600000,0x00000000d676c030,0x00000000d6780000)
  to   space 1536K, 0% used [0x00000000d6780000,0x00000000d6780000,0x00000000d6900000)
 ParOldGen       total 76288K, used 76271K [0x0000000080000000, 0x0000000084a80000, 0x00000000d5580000)
  object space 76288K, 99% used [0x0000000080000000,0x0000000084a7bd40,0x0000000084a80000)
 Metaspace       used 45894K, committed 46912K, reserved 1114112K
  class space    used 4351K, committed 4800K, reserved 1048576K
}
Event: 13.129 GC heap after
{Heap after GC invocations=58 (full 2):
 PSYoungGen      total 16384K, used 1520K [0x00000000d5580000, 0x00000000d6c80000, 0x0000000100000000)
  eden space 14848K, 0% used [0x00000000d5580000,0x00000000d5580000,0x00000000d6400000)
  from space 1536K, 98% used [0x00000000d6780000,0x00000000d68fc060,0x00000000d6900000)
  to   space 3584K, 0% used [0x00000000d6400000,0x00000000d6400000,0x00000000d6780000)
 ParOldGen       total 78336K, used 77826K [0x0000000080000000, 0x0000000084c80000, 0x00000000d5580000)
  object space 78336K, 99% used [0x0000000080000000,0x0000000084c00a40,0x0000000084c80000)
 Metaspace       used 45894K, committed 46912K, reserved 1114112K
  class space    used 4351K, committed 4800K, reserved 1048576K
}
Event: 13.207 GC heap before
{Heap before GC invocations=59 (full 2):
 PSYoungGen      total 16384K, used 16368K [0x00000000d5580000, 0x00000000d6c80000, 0x0000000100000000)
  eden space 14848K, 100% used [0x00000000d5580000,0x00000000d6400000,0x00000000d6400000)
  from space 1536K, 98% used [0x00000000d6780000,0x00000000d68fc060,0x00000000d6900000)
  to   space 3584K, 0% used [0x00000000d6400000,0x00000000d6400000,0x00000000d6780000)
 ParOldGen       total 78336K, used 77826K [0x0000000080000000, 0x0000000084c80000, 0x00000000d5580000)
  object space 78336K, 99% used [0x0000000080000000,0x0000000084c00a40,0x0000000084c80000)
 Metaspace       used 45911K, committed 46912K, reserved 1114112K
  class space    used 4351K, committed 4800K, reserved 1048576K
}
Event: 13.210 GC heap after
{Heap after GC invocations=59 (full 2):
 PSYoungGen      total 16384K, used 1376K [0x00000000d5580000, 0x00000000d6800000, 0x0000000100000000)
  eden space 14848K, 0% used [0x00000000d5580000,0x00000000d5580000,0x00000000d6400000)
  from space 1536K, 89% used [0x00000000d6400000,0x00000000d6558060,0x00000000d6580000)
  to   space 2048K, 0% used [0x00000000d6600000,0x00000000d6600000,0x00000000d6800000)
 ParOldGen       total 79872K, used 79365K [0x0000000080000000, 0x0000000084e00000, 0x00000000d5580000)
  object space 79872K, 99% used [0x0000000080000000,0x0000000084d81498,0x0000000084e00000)
 Metaspace       used 45911K, committed 46912K, reserved 1114112K
  class space    used 4351K, committed 4800K, reserved 1048576K
}

