# JRE version: OpenJDK Runtime Environment Temurin-21.0.9+10 (21.0.9+10) (build 21.0.9+10-LTS)
# Java VM: OpenJDK 64-Bit Server VM Temurin-21.0.9+10 (21.0.9+10-LTS, mixed mode, sharing, tiered, compressed oops, compressed class ptrs, parallel gc, windows-amd64)
GC Precious Log:
 CardTable entry size: 512
 CPUs: 8 total, 8 available
 Memory: 16283M
 Large Page Support: Disabled
 NUMA Support: Disabled
 Compressed Oops: Enabled (32-bit)
 Alignments: Space 512K, Generation 512K, Heap 2M
 Heap Min Capacity: 100M
 Heap Initial Capacity: 100M
 Heap Max Capacity: 2G
 Pre-touch: Disabled
 Parallel Workers: 8
Heap:
 PSYoungGen      total 19968K, used 18066K [0x00000000d5580000, 0x00000000d6f80000, 0x0000000100000000)
  eden space 18432K, 89% used [0x00000000d5580000,0x00000000d65a88d8,0x00000000d6780000)
  from space 1536K, 98% used [0x00000000d6800000,0x00000000d697c050,0x00000000d6980000)
  to   space 4096K, 0% used [0x00000000d6b80000,0x00000000d6b80000,0x00000000d6f80000)
 ParOldGen       total 68608K, used 66090K [0x0000000080000000, 0x0000000084300000, 0x00000000d5580000)
  object space 68608K, 96% used [0x0000000080000000,0x000000008408ab80,0x0000000084300000)
 Metaspace       used 45929K, committed 47040K, reserved 1114112K
  class space    used 4415K, committed 4864K, reserved 1048576K
GC Heap History (20 events):
Event: 14.380 GC heap before
{Heap before GC invocations=42 (full 2):
 PSYoungGen      total 21504K, used 21445K [0x00000000d5580000, 0x00000000d6e00000, 0x0000000100000000)
  eden space 19968K, 100% used [0x00000000d5580000,0x00000000d6900000,0x00000000d6900000)
  from space 1536K, 96% used [0x00000000d6900000,0x00000000d6a714d0,0x00000000d6a80000)
  to   space 2560K, 0% used [0x00000000d6b80000,0x00000000d6b80000,0x00000000d6e00000)
 ParOldGen       total 68608K, used 48091K [0x0000000080000000, 0x0000000084300000, 0x00000000d5580000)
  object space 68608K, 70% used [0x0000000080000000,0x0000000082ef6c10,0x0000000084300000)
 Metaspace       used 45287K, committed 46336K, reserved 1114112K
  class space    used 4391K, committed 4864K, reserved 1048576K
}
Event: 14.383 GC heap after
{Heap after GC invocations=42 (full 2):
 PSYoungGen      total 22528K, used 2272K [0x00000000d5580000, 0x00000000d6e00000, 0x0000000100000000)
  eden space 19968K, 0% used [0x00000000d5580000,0x00000000d5580000,0x00000000d6900000)
  from space 2560K, 88% used [0x00000000d6b80000,0x00000000d6db8040,0x00000000d6e00000)
  to   space 2560K, 0% used [0x00000000d6900000,0x00000000d6900000,0x00000000d6b80000)
 ParOldGen       total 68608K, used 49403K [0x0000000080000000, 0x0000000084300000, 0x00000000d5580000)
  object space 68608K, 72% used [0x0000000080000000,0x000000008303ee10,0x0000000084300000)
 Metaspace       used 45287K, committed 46336K, reserved 1114112K
  class space    used 4391K, committed 4864K, reserved 1048576K
}
Event: 14.540 GC heap before
{Heap before GC invocations=43 (full 2):
 PSYoungGen      total 22528K, used 22240K [0x00000000d5580000, 0x00000000d6e00000, 0x0000000100000000)
  eden space 19968K, 100% used [0x00000000d5580000,0x00000000d6900000,0x00000000d6900000)
  from space 2560K, 88% used [0x00000000d6b80000,0x00000000d6db8040,0x00000000d6e00000)
  to   space 2560K, 0% used [0x00000000d6900000,0x00000000d6900000,0x00000000d6b80000)
 ParOldGen       total 68608K, used 49403K [0x0000000080000000, 0x0000000084300000, 0x00000000d5580000)
  object space 68608K, 72% used [0x0000000080000000,0x000000008303ee10,0x0000000084300000)
 Metaspace       used 45356K, committed 46400K, reserved 1114112K
  class space    used 4395K, committed 4864K, reserved 1048576K
}
Event: 14.543 GC heap after
{Heap after GC invocations=43 (full 2):
 PSYoungGen      total 22528K, used 2352K [0x00000000d5580000, 0x00000000d6e00000, 0x0000000100000000)
  eden space 19968K, 0% used [0x00000000d5580000,0x00000000d5580000,0x00000000d6900000)
  from space 2560K, 91% used [0x00000000d6900000,0x00000000d6b4c090,0x00000000d6b80000)
  to   space 2560K, 0% used [0x00000000d6b80000,0x00000000d6b80000,0x00000000d6e00000)
 ParOldGen       total 68608K, used 51432K [0x0000000080000000, 0x0000000084300000, 0x00000000d5580000)
  object space 68608K, 74% used [0x0000000080000000,0x000000008323a088,0x0000000084300000)
 Metaspace       used 45356K, committed 46400K, reserved 1114112K
  class space    used 4395K, committed 4864K, reserved 1048576K
}
Event: 14.629 GC heap before
{Heap before GC invocations=44 (full 2):
 PSYoungGen      total 22528K, used 22320K [0x00000000d5580000, 0x00000000d6e00000, 0x0000000100000000)
  eden space 19968K, 100% used [0x00000000d5580000,0x00000000d6900000,0x00000000d6900000)
  from space 2560K, 91% used [0x00000000d6900000,0x00000000d6b4c090,0x00000000d6b80000)
  to   space 2560K, 0% used [0x00000000d6b80000,0x00000000d6b80000,0x00000000d6e00000)
 ParOldGen       total 68608K, used 51432K [0x0000000080000000, 0x0000000084300000, 0x00000000d5580000)
  object space 68608K, 74% used [0x0000000080000000,0x000000008323a088,0x0000000084300000)
 Metaspace       used 45402K, committed 46464K, reserved 1114112K
  class space    used 4395K, committed 4864K, reserved 1048576K
}
Event: 14.632 GC heap after
{Heap after GC invocations=44 (full 2):
 PSYoungGen      total 22528K, used 2288K [0x00000000d5580000, 0x00000000d6e00000, 0x0000000100000000)
  eden space 19968K, 0% used [0x00000000d5580000,0x00000000d5580000,0x00000000d6900000)
  from space 2560K, 89% used [0x00000000d6b80000,0x00000000d6dbc050,0x00000000d6e00000)
  to   space 2560K, 0% used [0x00000000d6900000,0x00000000d6900000,0x00000000d6b80000)
 ParOldGen       total 68608K, used 53629K [0x0000000080000000, 0x0000000084300000, 0x00000000d5580000)
  object space 68608K, 78% used [0x0000000080000000,0x000000008345f5b8,0x0000000084300000)
 Metaspace       used 45402K, committed 46464K, reserved 1114112K
  class space    used 4395K, committed 4864K, reserved 1048576K
}
Event: 14.764 GC heap before
{Heap before GC invocations=45 (full 2):
 PSYoungGen      total 22528K, used 22256K [0x00000000d5580000, 0x00000000d6e00000, 0x0000000100000000)
  eden space 19968K, 100% used [0x00000000d5580000,0x00000000d6900000,0x00000000d6900000)
  from space 2560K, 89% used [0x00000000d6b80000,0x00000000d6dbc050,0x00000000d6e00000)
  to   space 2560K, 0% used [0x00000000d6900000,0x00000000d6900000,0x00000000d6b80000)
 ParOldGen       total 68608K, used 53629K [0x0000000080000000, 0x0000000084300000, 0x00000000d5580000)
  object space 68608K, 78% used [0x0000000080000000,0x000000008345f5b8,0x0000000084300000)
 Metaspace       used 45516K, committed 46592K, reserved 1114112K
  class space    used 4396K, committed 4864K, reserved 1048576K
}
Event: 14.766 GC heap after
{Heap after GC invocations=45 (full 2):
 PSYoungGen      total 20992K, used 928K [0x00000000d5580000, 0x00000000d6c00000, 0x0000000100000000)
  eden space 19968K, 0% used [0x00000000d5580000,0x00000000d5580000,0x00000000d6900000)
  from space 1024K, 90% used [0x00000000d6900000,0x00000000d69e8020,0x00000000d6a00000)
  to   space 1536K, 0% used [0x00000000d6a80000,0x00000000d6a80000,0x00000000d6c00000)
 ParOldGen       total 68608K, used 55764K [0x0000000080000000, 0x0000000084300000, 0x00000000d5580000)
  object space 68608K, 81% used [0x0000000080000000,0x0000000083675268,0x0000000084300000)
 Metaspace       used 45516K, committed 46592K, reserved 1114112K
  class space    used 4396K, committed 4864K, reserved 1048576K
}
Event: 14.893 GC heap before
{Heap before GC invocations=46 (full 2):
 PSYoungGen      total 20992K, used 20896K [0x00000000d5580000, 0x00000000d6c00000, 0x0000000100000000)
  eden space 19968K, 100% used [0x00000000d5580000,0x00000000d6900000,0x00000000d6900000)
  from space 1024K, 90% used [0x00000000d6900000,0x00000000d69e8020,0x00000000d6a00000)
  to   space 1536K, 0% used [0x00000000d6a80000,0x00000000d6a80000,0x00000000d6c00000)
 ParOldGen       total 68608K, used 55764K [0x0000000080000000, 0x0000000084300000, 0x00000000d5580000)
  object space 68608K, 81% used [0x0000000080000000,0x0000000083675268,0x0000000084300000)
 Metaspace       used 45562K, committed 46656K, reserved 1114112K
  class space    used 4398K, committed 4864K, reserved 1048576K
}
Event: 14.895 GC heap after
{Heap after GC invocations=46 (full 2):
 PSYoungGen      total 19968K, used 1520K [0x00000000d5580000, 0x00000000d6f00000, 0x0000000100000000)
  eden space 18432K, 0% used [0x00000000d5580000,0x00000000d5580000,0x00000000d6780000)
  from space 1536K, 98% used [0x00000000d6a80000,0x00000000d6bfc080,0x00000000d6c00000)
  to   space 3072K, 0% used [0x00000000d6780000,0x00000000d6780000,0x00000000d6a80000)
 ParOldGen       total 68608K, used 56933K [0x0000000080000000, 0x0000000084300000, 0x00000000d5580000)
  object space 68608K, 82% used [0x0000000080000000,0x00000000837997d8,0x0000000084300000)
 Metaspace       used 45562K, committed 46656K, reserved 1114112K
  class space    used 4398K, committed 4864K, reserved 1048576K
}
Event: 15.053 GC heap before
{Heap before GC invocations=47 (full 2):
 PSYoungGen      total 19968K, used 19952K [0x00000000d5580000, 0x00000000d6f00000, 0x0000000100000000)
  eden space 18432K, 100% used [0x00000000d5580000,0x00000000d6780000,0x00000000d6780000)
  from space 1536K, 98% used [0x00000000d6a80000,0x00000000d6bfc080,0x00000000d6c00000)
  to   space 3072K, 0% used [0x00000000d6780000,0x00000000d6780000,0x00000000d6a80000)
 ParOldGen       total 68608K, used 56933K [0x0000000080000000, 0x0000000084300000, 0x00000000d5580000)
  object space 68608K, 82% used [0x0000000080000000,0x00000000837997d8,0x0000000084300000)
 Metaspace       used 45676K, committed 46784K, reserved 1114112K
  class space    used 4411K, committed 4864K, reserved 1048576K
}
Event: 15.056 GC heap after
{Heap after GC invocations=47 (full 2):
 PSYoungGen      total 20992K, used 2496K [0x00000000d5580000, 0x00000000d6c80000, 0x0000000100000000)
  eden space 18432K, 0% used [0x00000000d5580000,0x00000000d5580000,0x00000000d6780000)
  from space 2560K, 97% used [0x00000000d6780000,0x00000000d69f00a0,0x00000000d6a00000)
  to   space 2560K, 0% used [0x00000000d6a00000,0x00000000d6a00000,0x00000000d6c80000)
 ParOldGen       total 68608K, used 58462K [0x0000000080000000, 0x0000000084300000, 0x00000000d5580000)
  object space 68608K, 85% used [0x0000000080000000,0x0000000083917868,0x0000000084300000)
 Metaspace       used 45676K, committed 46784K, reserved 1114112K
  class space    used 4411K, committed 4864K, reserved 1048576K
}
Event: 15.116 GC heap before
{Heap before GC invocations=48 (full 2):
 PSYoungGen      total 20992K, used 20928K [0x00000000d5580000, 0x00000000d6c80000, 0x0000000100000000)
  eden space 18432K, 100% used [0x00000000d5580000,0x00000000d6780000,0x00000000d6780000)
  from space 2560K, 97% used [0x00000000d6780000,0x00000000d69f00a0,0x00000000d6a00000)
  to   space 2560K, 0% used [0x00000000d6a00000,0x00000000d6a00000,0x00000000d6c80000)
 ParOldGen       total 68608K, used 58462K [0x0000000080000000, 0x0000000084300000, 0x00000000d5580000)
  object space 68608K, 85% used [0x0000000080000000,0x0000000083917868,0x0000000084300000)
 Metaspace       used 45684K, committed 46784K, reserved 1114112K
  class space    used 4411K, committed 4864K, reserved 1048576K
}
Event: 15.119 GC heap after
{Heap after GC invocations=48 (full 2):
 PSYoungGen      total 20992K, used 1792K [0x00000000d5580000, 0x00000000d6c80000, 0x0000000100000000)
  eden space 18432K, 0% used [0x00000000d5580000,0x00000000d5580000,0x00000000d6780000)
  from space 2560K, 70% used [0x00000000d6a00000,0x00000000d6bc00a0,0x00000000d6c80000)
  to   space 2560K, 0% used [0x00000000d6780000,0x00000000d6780000,0x00000000d6a00000)
 ParOldGen       total 68608K, used 60831K [0x0000000080000000, 0x0000000084300000, 0x00000000d5580000)
  object space 68608K, 88% used [0x0000000080000000,0x0000000083b67db0,0x0000000084300000)
 Metaspace       used 45684K, committed 46784K, reserved 1114112K
  class space    used 4411K, committed 4864K, reserved 1048576K
}
Event: 15.256 GC heap before
{Heap before GC invocations=49 (full 2):
 PSYoungGen      total 20992K, used 20224K [0x00000000d5580000, 0x00000000d6c80000, 0x0000000100000000)
  eden space 18432K, 100% used [0x00000000d5580000,0x00000000d6780000,0x00000000d6780000)
  from space 2560K, 70% used [0x00000000d6a00000,0x00000000d6bc00a0,0x00000000d6c80000)
  to   space 2560K, 0% used [0x00000000d6780000,0x00000000d6780000,0x00000000d6a00000)
 ParOldGen       total 68608K, used 60831K [0x0000000080000000, 0x0000000084300000, 0x00000000d5580000)
  object space 68608K, 88% used [0x0000000080000000,0x0000000083b67db0,0x0000000084300000)
 Metaspace       used 45827K, committed 46912K, reserved 1114112K
  class space    used 4415K, committed 4864K, reserved 1048576K
}
Event: 15.259 GC heap after
{Heap after GC invocations=49 (full 2):
 PSYoungGen      total 20480K, used 1622K [0x00000000d5580000, 0x00000000d6b80000, 0x0000000100000000)
  eden space 18432K, 0% used [0x00000000d5580000,0x00000000d5580000,0x00000000d6780000)
  from space 2048K, 79% used [0x00000000d6780000,0x00000000d6915918,0x00000000d6980000)
  to   space 2048K, 0% used [0x00000000d6980000,0x00000000d6980000,0x00000000d6b80000)
 ParOldGen       total 68608K, used 62535K [0x0000000080000000, 0x0000000084300000, 0x00000000d5580000)
  object space 68608K, 91% used [0x0000000080000000,0x0000000083d11e50,0x0000000084300000)
 Metaspace       used 45827K, committed 46912K, reserved 1114112K
  class space    used 4415K, committed 4864K, reserved 1048576K
}
Event: 15.427 GC heap before
{Heap before GC invocations=50 (full 2):
 PSYoungGen      total 20480K, used 20054K [0x00000000d5580000, 0x00000000d6b80000, 0x0000000100000000)
  eden space 18432K, 100% used [0x00000000d5580000,0x00000000d6780000,0x00000000d6780000)
  from space 2048K, 79% used [0x00000000d6780000,0x00000000d6915918,0x00000000d6980000)
  to   space 2048K, 0% used [0x00000000d6980000,0x00000000d6980000,0x00000000d6b80000)
 ParOldGen       total 68608K, used 62535K [0x0000000080000000, 0x0000000084300000, 0x00000000d5580000)
  object space 68608K, 91% used [0x0000000080000000,0x0000000083d11e50,0x0000000084300000)
 Metaspace       used 45892K, committed 46976K, reserved 1114112K
  class space    used 4415K, committed 4864K, reserved 1048576K
}
Event: 15.429 GC heap after
{Heap after GC invocations=50 (full 2):
 PSYoungGen      total 19968K, used 1296K [0x00000000d5580000, 0x00000000d6b00000, 0x0000000100000000)
  eden space 18432K, 0% used [0x00000000d5580000,0x00000000d5580000,0x00000000d6780000)
  from space 1536K, 84% used [0x00000000d6980000,0x00000000d6ac4030,0x00000000d6b00000)
  to   space 1536K, 0% used [0x00000000d6800000,0x00000000d6800000,0x00000000d6980000)
 ParOldGen       total 68608K, used 63977K [0x0000000080000000, 0x0000000084300000, 0x00000000d5580000)
  object space 68608K, 93% used [0x0000000080000000,0x0000000083e7a7a0,0x0000000084300000)
 Metaspace       used 45892K, committed 46976K, reserved 1114112K
  class space    used 4415K, committed 4864K, reserved 1048576K
}
Event: 15.521 GC heap before
{Heap before GC invocations=51 (full 2):
 PSYoungGen      total 19968K, used 19728K [0x00000000d5580000, 0x00000000d6b00000, 0x0000000100000000)
  eden space 18432K, 100% used [0x00000000d5580000,0x00000000d6780000,0x00000000d6780000)
  from space 1536K, 84% used [0x00000000d6980000,0x00000000d6ac4030,0x00000000d6b00000)
  to   space 1536K, 0% used [0x00000000d6800000,0x00000000d6800000,0x00000000d6980000)
 ParOldGen       total 68608K, used 63977K [0x0000000080000000, 0x0000000084300000, 0x00000000d5580000)
  object space 68608K, 93% used [0x0000000080000000,0x0000000083e7a7a0,0x0000000084300000)
 Metaspace       used 45926K, committed 47040K, reserved 1114112K
  class space    used 4415K, committed 4864K, reserved 1048576K
}
Event: 15.525 GC heap after
{Heap after GC invocations=51 (full 2):
 PSYoungGen      total 19968K, used 1520K [0x00000000d5580000, 0x00000000d6f80000, 0x0000000100000000)
  eden space 18432K, 0% used [0x00000000d5580000,0x00000000d5580000,0x00000000d6780000)
  from space 1536K, 98% used [0x00000000d6800000,0x00000000d697c050,0x00000000d6980000)
  to   space 4096K, 0% used [0x00000000d6b80000,0x00000000d6b80000,0x00000000d6f80000)
 ParOldGen       total 68608K, used 66090K [0x0000000080000000, 0x0000000084300000, 0x00000000d5580000)
  object space 68608K, 96% used [0x0000000080000000,0x000000008408ab80,0x0000000084300000)
 Metaspace       used 45926K, committed 47040K, reserved 1114112K
  class space    used 4415K, committed 4864K, reserved 1048576K
}

