# JRE version: OpenJDK Runtime Environment Temurin-21.0.9+10 (21.0.9+10) (build 21.0.9+10-LTS)
# Java VM: OpenJDK 64-Bit Server VM Temurin-21.0.9+10 (21.0.9+10-LTS, mixed mode, sharing, tiered, compressed oops, compressed class ptrs, parallel gc, windows-amd64)
GC Precious Log:
 CardTable entry size: 512
 CPUs: 8 total, 8 available
 Memory: 16283M
 Large Page Support: Disabled
 NUMA Support: Disabled
 Compressed Oops: Enabled (32-bit)
 Alignments: Space 512K, Generation 512K, Heap 2M
 Heap Min Capacity: 100M
 Heap Initial Capacity: 100M
 Heap Max Capacity: 2G
 Pre-touch: Disabled
 Parallel Workers: 8
Heap:
 PSYoungGen      total 16384K, used 7206K [0x00000000d5580000, 0x00000000d6700000, 0x0000000100000000)
  eden space 14848K, 40% used [0x00000000d5580000,0x00000000d5b4db98,0x00000000d6400000)
  from space 1536K, 82% used [0x00000000d6580000,0x00000000d66bc050,0x00000000d6700000)
  to   space 1536K, 0% used [0x00000000d6400000,0x00000000d6400000,0x00000000d6580000)
 ParOldGen       total 68608K, used 67785K [0x0000000080000000, 0x0000000084300000, 0x00000000d5580000)
  object space 68608K, 98% used [0x0000000080000000,0x0000000084232658,0x0000000084300000)
 Metaspace       used 55834K, committed 57216K, reserved 1114112K
  class space    used 5968K, committed 6528K, reserved 1048576K
GC Heap History (20 events):
Event: 11.741 GC heap before
{Heap before GC invocations=33 (full 2):
 PSYoungGen      total 16384K, used 16297K [0x00000000d5580000, 0x00000000d7c00000, 0x0000000100000000)
  eden space 14848K, 99% used [0x00000000d5580000,0x00000000d63eb4a0,0x00000000d6400000)
  from space 1536K, 99% used [0x00000000d6c80000,0x00000000d6dff300,0x00000000d6e00000)
  to   space 8704K, 0% used [0x00000000d6400000,0x00000000d6400000,0x00000000d6c80000)
 ParOldGen       total 68608K, used 57560K [0x0000000080000000, 0x0000000084300000, 0x00000000d5580000)
  object space 68608K, 83% used [0x0000000080000000,0x00000000838361e0,0x0000000084300000)
 Metaspace       used 54015K, committed 55360K, reserved 1114112K
  class space    used 5823K, committed 6400K, reserved 1048576K
}
Event: 11.748 GC heap after
{Heap after GC invocations=33 (full 2):
 PSYoungGen      total 16896K, used 1982K [0x00000000d5580000, 0x00000000d6d00000, 0x0000000100000000)
  eden space 14848K, 0% used [0x00000000d5580000,0x00000000d5580000,0x00000000d6400000)
  from space 2048K, 96% used [0x00000000d6400000,0x00000000d65efa00,0x00000000d6600000)
  to   space 4096K, 0% used [0x00000000d6900000,0x00000000d6900000,0x00000000d6d00000)
 ParOldGen       total 68608K, used 59102K [0x0000000080000000, 0x0000000084300000, 0x00000000d5580000)
  object space 68608K, 86% used [0x0000000080000000,0x00000000839b7800,0x0000000084300000)
 Metaspace       used 54015K, committed 55360K, reserved 1114112K
  class space    used 5823K, committed 6400K, reserved 1048576K
}
Event: 11.860 GC heap before
{Heap before GC invocations=34 (full 2):
 PSYoungGen      total 16896K, used 16830K [0x00000000d5580000, 0x00000000d6d00000, 0x0000000100000000)
  eden space 14848K, 100% used [0x00000000d5580000,0x00000000d6400000,0x00000000d6400000)
  from space 2048K, 96% used [0x00000000d6400000,0x00000000d65efa00,0x00000000d6600000)
  to   space 4096K, 0% used [0x00000000d6900000,0x00000000d6900000,0x00000000d6d00000)
 ParOldGen       total 68608K, used 59102K [0x0000000080000000, 0x0000000084300000, 0x00000000d5580000)
  object space 68608K, 86% used [0x0000000080000000,0x00000000839b7800,0x0000000084300000)
 Metaspace       used 54027K, committed 55360K, reserved 1114112K
  class space    used 5823K, committed 6400K, reserved 1048576K
}
Event: 11.861 GC heap after
{Heap after GC invocations=34 (full 2):
 PSYoungGen      total 15872K, used 553K [0x00000000d5580000, 0x00000000d6a00000, 0x0000000100000000)
  eden space 14848K, 0% used [0x00000000d5580000,0x00000000d5580000,0x00000000d6400000)
  from space 1024K, 54% used [0x00000000d6900000,0x00000000d698a7b0,0x00000000d6a00000)
  to   space 1536K, 0% used [0x00000000d6700000,0x00000000d6700000,0x00000000d6880000)
 ParOldGen       total 68608K, used 60329K [0x0000000080000000, 0x0000000084300000, 0x00000000d5580000)
  object space 68608K, 87% used [0x0000000080000000,0x0000000083aea670,0x0000000084300000)
 Metaspace       used 54027K, committed 55360K, reserved 1114112K
  class space    used 5823K, committed 6400K, reserved 1048576K
}
Event: 13.169 GC heap before
{Heap before GC invocations=35 (full 2):
 PSYoungGen      total 15872K, used 15401K [0x00000000d5580000, 0x00000000d6a00000, 0x0000000100000000)
  eden space 14848K, 100% used [0x00000000d5580000,0x00000000d6400000,0x00000000d6400000)
  from space 1024K, 54% used [0x00000000d6900000,0x00000000d698a7b0,0x00000000d6a00000)
  to   space 1536K, 0% used [0x00000000d6700000,0x00000000d6700000,0x00000000d6880000)
 ParOldGen       total 68608K, used 60329K [0x0000000080000000, 0x0000000084300000, 0x00000000d5580000)
  object space 68608K, 87% used [0x0000000080000000,0x0000000083aea670,0x0000000084300000)
 Metaspace       used 55048K, committed 56384K, reserved 1114112K
  class space    used 5911K, committed 6464K, reserved 1048576K
}
Event: 13.177 GC heap after
{Heap after GC invocations=35 (full 2):
 PSYoungGen      total 16384K, used 288K [0x00000000d5580000, 0x00000000d6980000, 0x0000000100000000)
  eden space 14848K, 0% used [0x00000000d5580000,0x00000000d5580000,0x00000000d6400000)
  from space 1536K, 18% used [0x00000000d6700000,0x00000000d6748000,0x00000000d6880000)
  to   space 1024K, 0% used [0x00000000d6880000,0x00000000d6880000,0x00000000d6980000)
 ParOldGen       total 68608K, used 60345K [0x0000000080000000, 0x0000000084300000, 0x00000000d5580000)
  object space 68608K, 87% used [0x0000000080000000,0x0000000083aee670,0x0000000084300000)
 Metaspace       used 55048K, committed 56384K, reserved 1114112K
  class space    used 5911K, committed 6464K, reserved 1048576K
}
Event: 13.978 GC heap before
{Heap before GC invocations=36 (full 2):
 PSYoungGen      total 16384K, used 15136K [0x00000000d5580000, 0x00000000d6980000, 0x0000000100000000)
  eden space 14848K, 100% used [0x00000000d5580000,0x00000000d6400000,0x00000000d6400000)
  from space 1536K, 18% used [0x00000000d6700000,0x00000000d6748000,0x00000000d6880000)
  to   space 1024K, 0% used [0x00000000d6880000,0x00000000d6880000,0x00000000d6980000)
 ParOldGen       total 68608K, used 60345K [0x0000000080000000, 0x0000000084300000, 0x00000000d5580000)
  object space 68608K, 87% used [0x0000000080000000,0x0000000083aee670,0x0000000084300000)
 Metaspace       used 55468K, committed 56832K, reserved 1114112K
  class space    used 5952K, committed 6528K, reserved 1048576K
}
Event: 13.979 GC heap after
{Heap after GC invocations=36 (full 2):
 PSYoungGen      total 15872K, used 992K [0x00000000d5580000, 0x00000000d6980000, 0x0000000100000000)
  eden space 14848K, 0% used [0x00000000d5580000,0x00000000d5580000,0x00000000d6400000)
  from space 1024K, 96% used [0x00000000d6880000,0x00000000d6978020,0x00000000d6980000)
  to   space 1536K, 0% used [0x00000000d6680000,0x00000000d6680000,0x00000000d6800000)
 ParOldGen       total 68608K, used 60521K [0x0000000080000000, 0x0000000084300000, 0x00000000d5580000)
  object space 68608K, 88% used [0x0000000080000000,0x0000000083b1a680,0x0000000084300000)
 Metaspace       used 55468K, committed 56832K, reserved 1114112K
  class space    used 5952K, committed 6528K, reserved 1048576K
}
Event: 14.184 GC heap before
{Heap before GC invocations=37 (full 2):
 PSYoungGen      total 15872K, used 15840K [0x00000000d5580000, 0x00000000d6980000, 0x0000000100000000)
  eden space 14848K, 100% used [0x00000000d5580000,0x00000000d6400000,0x00000000d6400000)
  from space 1024K, 96% used [0x00000000d6880000,0x00000000d6978020,0x00000000d6980000)
  to   space 1536K, 0% used [0x00000000d6680000,0x00000000d6680000,0x00000000d6800000)
 ParOldGen       total 68608K, used 60521K [0x0000000080000000, 0x0000000084300000, 0x00000000d5580000)
  object space 68608K, 88% used [0x0000000080000000,0x0000000083b1a680,0x0000000084300000)
 Metaspace       used 55590K, committed 56960K, reserved 1114112K
  class space    used 5957K, committed 6528K, reserved 1048576K
}
Event: 14.187 GC heap after
{Heap after GC invocations=37 (full 2):
 PSYoungGen      total 16384K, used 1456K [0x00000000d5580000, 0x00000000d6900000, 0x0000000100000000)
  eden space 14848K, 0% used [0x00000000d5580000,0x00000000d5580000,0x00000000d6400000)
  from space 1536K, 94% used [0x00000000d6680000,0x00000000d67ec050,0x00000000d6800000)
  to   space 1024K, 0% used [0x00000000d6800000,0x00000000d6800000,0x00000000d6900000)
 ParOldGen       total 68608K, used 61477K [0x0000000080000000, 0x0000000084300000, 0x00000000d5580000)
  object space 68608K, 89% used [0x0000000080000000,0x0000000083c09700,0x0000000084300000)
 Metaspace       used 55590K, committed 56960K, reserved 1114112K
  class space    used 5957K, committed 6528K, reserved 1048576K
}
Event: 14.339 GC heap before
{Heap before GC invocations=38 (full 2):
 PSYoungGen      total 16384K, used 16304K [0x00000000d5580000, 0x00000000d6900000, 0x0000000100000000)
  eden space 14848K, 100% used [0x00000000d5580000,0x00000000d6400000,0x00000000d6400000)
  from space 1536K, 94% used [0x00000000d6680000,0x00000000d67ec050,0x00000000d6800000)
  to   space 1024K, 0% used [0x00000000d6800000,0x00000000d6800000,0x00000000d6900000)
 ParOldGen       total 68608K, used 61477K [0x0000000080000000, 0x0000000084300000, 0x00000000d5580000)
  object space 68608K, 89% used [0x0000000080000000,0x0000000083c09700,0x0000000084300000)
 Metaspace       used 55644K, committed 57024K, reserved 1114112K
  class space    used 5957K, committed 6528K, reserved 1048576K
}
Event: 14.341 GC heap after
{Heap after GC invocations=38 (full 2):
 PSYoungGen      total 15872K, used 992K [0x00000000d5580000, 0x00000000d6a00000, 0x0000000100000000)
  eden space 14848K, 0% used [0x00000000d5580000,0x00000000d5580000,0x00000000d6400000)
  from space 1024K, 96% used [0x00000000d6800000,0x00000000d68f8060,0x00000000d6900000)
  to   space 3072K, 0% used [0x00000000d6400000,0x00000000d6400000,0x00000000d6700000)
 ParOldGen       total 68608K, used 63074K [0x0000000080000000, 0x0000000084300000, 0x00000000d5580000)
  object space 68608K, 91% used [0x0000000080000000,0x0000000083d989f8,0x0000000084300000)
 Metaspace       used 55644K, committed 57024K, reserved 1114112K
  class space    used 5957K, committed 6528K, reserved 1048576K
}
Event: 14.481 GC heap before
{Heap before GC invocations=39 (full 2):
 PSYoungGen      total 15872K, used 15840K [0x00000000d5580000, 0x00000000d6a00000, 0x0000000100000000)
  eden space 14848K, 100% used [0x00000000d5580000,0x00000000d6400000,0x00000000d6400000)
  from space 1024K, 96% used [0x00000000d6800000,0x00000000d68f8060,0x00000000d6900000)
  to   space 3072K, 0% used [0x00000000d6400000,0x00000000d6400000,0x00000000d6700000)
 ParOldGen       total 68608K, used 63074K [0x0000000080000000, 0x0000000084300000, 0x00000000d5580000)
  object space 68608K, 91% used [0x0000000080000000,0x0000000083d989f8,0x0000000084300000)
 Metaspace       used 55695K, committed 57024K, reserved 1114112K
  class space    used 5957K, committed 6528K, reserved 1048576K
}
Event: 14.484 GC heap after
{Heap after GC invocations=39 (full 2):
 PSYoungGen      total 16384K, used 1360K [0x00000000d5580000, 0x00000000d6880000, 0x0000000100000000)
  eden space 14848K, 0% used [0x00000000d5580000,0x00000000d5580000,0x00000000d6400000)
  from space 1536K, 88% used [0x00000000d6400000,0x00000000d6554070,0x00000000d6580000)
  to   space 2048K, 0% used [0x00000000d6680000,0x00000000d6680000,0x00000000d6880000)
 ParOldGen       total 68608K, used 64074K [0x0000000080000000, 0x0000000084300000, 0x00000000d5580000)
  object space 68608K, 93% used [0x0000000080000000,0x0000000083e92a98,0x0000000084300000)
 Metaspace       used 55695K, committed 57024K, reserved 1114112K
  class space    used 5957K, committed 6528K, reserved 1048576K
}
Event: 14.598 GC heap before
{Heap before GC invocations=40 (full 2):
 PSYoungGen      total 16384K, used 16208K [0x00000000d5580000, 0x00000000d6880000, 0x0000000100000000)
  eden space 14848K, 100% used [0x00000000d5580000,0x00000000d6400000,0x00000000d6400000)
  from space 1536K, 88% used [0x00000000d6400000,0x00000000d6554070,0x00000000d6580000)
  to   space 2048K, 0% used [0x00000000d6680000,0x00000000d6680000,0x00000000d6880000)
 ParOldGen       total 68608K, used 64074K [0x0000000080000000, 0x0000000084300000, 0x00000000d5580000)
  object space 68608K, 93% used [0x0000000080000000,0x0000000083e92a98,0x0000000084300000)
 Metaspace       used 55747K, committed 57088K, reserved 1114112K
  class space    used 5957K, committed 6528K, reserved 1048576K
}
Event: 14.600 GC heap after
{Heap after GC invocations=40 (full 2):
 PSYoungGen      total 16384K, used 1360K [0x00000000d5580000, 0x00000000d6800000, 0x0000000100000000)
  eden space 14848K, 0% used [0x00000000d5580000,0x00000000d5580000,0x00000000d6400000)
  from space 1536K, 88% used [0x00000000d6680000,0x00000000d67d4090,0x00000000d6800000)
  to   space 1536K, 0% used [0x00000000d6400000,0x00000000d6400000,0x00000000d6580000)
 ParOldGen       total 68608K, used 65313K [0x0000000080000000, 0x0000000084300000, 0x00000000d5580000)
  object space 68608K, 95% used [0x0000000080000000,0x0000000083fc84f8,0x0000000084300000)
 Metaspace       used 55747K, committed 57088K, reserved 1114112K
  class space    used 5957K, committed 6528K, reserved 1048576K
}
Event: 14.768 GC heap before
{Heap before GC invocations=41 (full 2):
 PSYoungGen      total 16384K, used 16208K [0x00000000d5580000, 0x00000000d6800000, 0x0000000100000000)
  eden space 14848K, 100% used [0x00000000d5580000,0x00000000d6400000,0x00000000d6400000)
  from space 1536K, 88% used [0x00000000d6680000,0x00000000d67d4090,0x00000000d6800000)
  to   space 1536K, 0% used [0x00000000d6400000,0x00000000d6400000,0x00000000d6580000)
 ParOldGen       total 68608K, used 65313K [0x0000000080000000, 0x0000000084300000, 0x00000000d5580000)
  object space 68608K, 95% used [0x0000000080000000,0x0000000083fc84f8,0x0000000084300000)
 Metaspace       used 55772K, committed 57088K, reserved 1114112K
  class space    used 5959K, committed 6528K, reserved 1048576K
}
Event: 14.771 GC heap after
{Heap after GC invocations=41 (full 2):
 PSYoungGen      total 16384K, used 1328K [0x00000000d5580000, 0x00000000d6700000, 0x0000000100000000)
  eden space 14848K, 0% used [0x00000000d5580000,0x00000000d5580000,0x00000000d6400000)
  from space 1536K, 86% used [0x00000000d6400000,0x00000000d654c050,0x00000000d6580000)
  to   space 1536K, 0% used [0x00000000d6580000,0x00000000d6580000,0x00000000d6700000)
 ParOldGen       total 68608K, used 66577K [0x0000000080000000, 0x0000000084300000, 0x00000000d5580000)
  object space 68608K, 97% used [0x0000000080000000,0x00000000841045b8,0x0000000084300000)
 Metaspace       used 55772K, committed 57088K, reserved 1114112K
  class space    used 5959K, committed 6528K, reserved 1048576K
}
Event: 14.853 GC heap before
{Heap before GC invocations=42 (full 2):
 PSYoungGen      total 16384K, used 16176K [0x00000000d5580000, 0x00000000d6700000, 0x0000000100000000)
  eden space 14848K, 100% used [0x00000000d5580000,0x00000000d6400000,0x00000000d6400000)
  from space 1536K, 86% used [0x00000000d6400000,0x00000000d654c050,0x00000000d6580000)
  to   space 1536K, 0% used [0x00000000d6580000,0x00000000d6580000,0x00000000d6700000)
 ParOldGen       total 68608K, used 66577K [0x0000000080000000, 0x0000000084300000, 0x00000000d5580000)
  object space 68608K, 97% used [0x0000000080000000,0x00000000841045b8,0x0000000084300000)
 Metaspace       used 55792K, committed 57152K, reserved 1114112K
  class space    used 5959K, committed 6528K, reserved 1048576K
}
Event: 14.855 GC heap after
{Heap after GC invocations=42 (full 2):
 PSYoungGen      total 16384K, used 1264K [0x00000000d5580000, 0x00000000d6700000, 0x0000000100000000)
  eden space 14848K, 0% used [0x00000000d5580000,0x00000000d5580000,0x00000000d6400000)
  from space 1536K, 82% used [0x00000000d6580000,0x00000000d66bc050,0x00000000d6700000)
  to   space 1536K, 0% used [0x00000000d6400000,0x00000000d6400000,0x00000000d6580000)
 ParOldGen       total 68608K, used 67785K [0x0000000080000000, 0x0000000084300000, 0x00000000d5580000)
  object space 68608K, 98% used [0x0000000080000000,0x0000000084232658,0x0000000084300000)
 Metaspace       used 55792K, committed 57152K, reserved 1114112K
  class space    used 5959K, committed 6528K, reserved 1048576K
}

