# JRE version: OpenJDK Runtime Environment Temurin-21.0.9+10 (21.0.9+10) (build 21.0.9+10-LTS)
# Java VM: OpenJDK 64-Bit Server VM Temurin-21.0.9+10 (21.0.9+10-LTS, mixed mode, sharing, tiered, compressed oops, compressed class ptrs, parallel gc, windows-amd64)
GC Precious Log:
 CardTable entry size: 512
 CPUs: 8 total, 8 available
 Memory: 16283M
 Large Page Support: Disabled
 NUMA Support: Disabled
 Compressed Oops: Enabled (32-bit)
 Alignments: Space 512K, Generation 512K, Heap 2M
 Heap Min Capacity: 100M
 Heap Initial Capacity: 100M
 Heap Max Capacity: 2G
 Pre-touch: Disabled
 Parallel Workers: 8
Heap:
 PSYoungGen      total 17408K, used 10508K [0x00000000d5580000, 0x00000000d6c80000, 0x0000000100000000)
  eden space 16896K, 59% used [0x00000000d5580000,0x00000000d5f44998,0x00000000d6600000)
  from space 512K, 98% used [0x00000000d6900000,0x00000000d697e860,0x00000000d6980000)
  to   space 3072K, 0% used [0x00000000d6600000,0x00000000d6600000,0x00000000d6900000)
 ParOldGen       total 80896K, used 80724K [0x0000000080000000, 0x0000000084f00000, 0x00000000d5580000)
  object space 80896K, 99% used [0x0000000080000000,0x0000000084ed5010,0x0000000084f00000)
 Metaspace       used 58302K, committed 59776K, reserved 1114112K
  class space    used 6202K, committed 6912K, reserved 1048576K
GC Heap History (20 events):
Event: 10.715 GC heap before
{Heap before GC invocations=37 (full 2):
 PSYoungGen      total 20992K, used 20976K [0x00000000d5580000, 0x00000000d6f00000, 0x0000000100000000)
  eden space 19968K, 100% used [0x00000000d5580000,0x00000000d6900000,0x00000000d6900000)
  from space 1024K, 98% used [0x00000000d6d80000,0x00000000d6e7c030,0x00000000d6e80000)
  to   space 3072K, 0% used [0x00000000d6900000,0x00000000d6900000,0x00000000d6c00000)
 ParOldGen       total 68608K, used 66304K [0x0000000080000000, 0x0000000084300000, 0x00000000d5580000)
  object space 68608K, 96% used [0x0000000080000000,0x00000000840c0388,0x0000000084300000)
 Metaspace       used 55376K, committed 56704K, reserved 1114112K
  class space    used 5954K, committed 6528K, reserved 1048576K
}
Event: 10.718 GC heap after
{Heap after GC invocations=37 (full 2):
 PSYoungGen      total 22016K, used 1856K [0x00000000d5580000, 0x00000000d6e00000, 0x0000000100000000)
  eden space 19968K, 0% used [0x00000000d5580000,0x00000000d5580000,0x00000000d6900000)
  from space 2048K, 90% used [0x00000000d6900000,0x00000000d6ad0080,0x00000000d6b00000)
  to   space 2560K, 0% used [0x00000000d6b80000,0x00000000d6b80000,0x00000000d6e00000)
 ParOldGen       total 68608K, used 67329K [0x0000000080000000, 0x0000000084300000, 0x00000000d5580000)
  object space 68608K, 98% used [0x0000000080000000,0x00000000841c0428,0x0000000084300000)
 Metaspace       used 55376K, committed 56704K, reserved 1114112K
  class space    used 5954K, committed 6528K, reserved 1048576K
}
Event: 10.847 GC heap before
{Heap before GC invocations=38 (full 2):
 PSYoungGen      total 22016K, used 21824K [0x00000000d5580000, 0x00000000d6e00000, 0x0000000100000000)
  eden space 19968K, 100% used [0x00000000d5580000,0x00000000d6900000,0x00000000d6900000)
  from space 2048K, 90% used [0x00000000d6900000,0x00000000d6ad0080,0x00000000d6b00000)
  to   space 2560K, 0% used [0x00000000d6b80000,0x00000000d6b80000,0x00000000d6e00000)
 ParOldGen       total 68608K, used 67329K [0x0000000080000000, 0x0000000084300000, 0x00000000d5580000)
  object space 68608K, 98% used [0x0000000080000000,0x00000000841c0428,0x0000000084300000)
 Metaspace       used 55456K, committed 56832K, reserved 1114112K
  class space    used 5954K, committed 6528K, reserved 1048576K
}
Event: 10.854 GC heap after
{Heap after GC invocations=38 (full 2):
 PSYoungGen      total 22016K, used 1744K [0x00000000d5580000, 0x00000000d6d80000, 0x0000000100000000)
  eden space 19968K, 0% used [0x00000000d5580000,0x00000000d5580000,0x00000000d6900000)
  from space 2048K, 85% used [0x00000000d6b80000,0x00000000d6d34090,0x00000000d6d80000)
  to   space 2048K, 0% used [0x00000000d6900000,0x00000000d6900000,0x00000000d6b00000)
 ParOldGen       total 69120K, used 69041K [0x0000000080000000, 0x0000000084380000, 0x00000000d5580000)
  object space 69120K, 99% used [0x0000000080000000,0x000000008436c6f0,0x0000000084380000)
 Metaspace       used 55456K, committed 56832K, reserved 1114112K
  class space    used 5954K, committed 6528K, reserved 1048576K
}
Event: 10.960 GC heap before
{Heap before GC invocations=39 (full 2):
 PSYoungGen      total 22016K, used 21712K [0x00000000d5580000, 0x00000000d6d80000, 0x0000000100000000)
  eden space 19968K, 100% used [0x00000000d5580000,0x00000000d6900000,0x00000000d6900000)
  from space 2048K, 85% used [0x00000000d6b80000,0x00000000d6d34090,0x00000000d6d80000)
  to   space 2048K, 0% used [0x00000000d6900000,0x00000000d6900000,0x00000000d6b00000)
 ParOldGen       total 69120K, used 69041K [0x0000000080000000, 0x0000000084380000, 0x00000000d5580000)
  object space 69120K, 99% used [0x0000000080000000,0x000000008436c6f0,0x0000000084380000)
 Metaspace       used 55487K, committed 56832K, reserved 1114112K
  class space    used 5956K, committed 6528K, reserved 1048576K
}
Event: 10.963 GC heap after
{Heap after GC invocations=39 (full 2):
 PSYoungGen      total 22016K, used 1664K [0x00000000d5580000, 0x00000000d6d00000, 0x0000000100000000)
  eden space 19968K, 0% used [0x00000000d5580000,0x00000000d5580000,0x00000000d6900000)
  from space 2048K, 81% used [0x00000000d6900000,0x00000000d6aa00a0,0x00000000d6b00000)
  to   space 2048K, 0% used [0x00000000d6b00000,0x00000000d6b00000,0x00000000d6d00000)
 ParOldGen       total 71168K, used 70728K [0x0000000080000000, 0x0000000084580000, 0x00000000d5580000)
  object space 71168K, 99% used [0x0000000080000000,0x0000000084512170,0x0000000084580000)
 Metaspace       used 55487K, committed 56832K, reserved 1114112K
  class space    used 5956K, committed 6528K, reserved 1048576K
}
Event: 11.187 GC heap before
{Heap before GC invocations=40 (full 2):
 PSYoungGen      total 22016K, used 21632K [0x00000000d5580000, 0x00000000d6d00000, 0x0000000100000000)
  eden space 19968K, 100% used [0x00000000d5580000,0x00000000d6900000,0x00000000d6900000)
  from space 2048K, 81% used [0x00000000d6900000,0x00000000d6aa00a0,0x00000000d6b00000)
  to   space 2048K, 0% used [0x00000000d6b00000,0x00000000d6b00000,0x00000000d6d00000)
 ParOldGen       total 71168K, used 70728K [0x0000000080000000, 0x0000000084580000, 0x00000000d5580000)
  object space 71168K, 99% used [0x0000000080000000,0x0000000084512170,0x0000000084580000)
 Metaspace       used 55896K, committed 57280K, reserved 1114112K
  class space    used 6005K, committed 6656K, reserved 1048576K
}
Event: 11.191 GC heap after
{Heap after GC invocations=40 (full 2):
 PSYoungGen      total 19456K, used 2044K [0x00000000d5580000, 0x00000000d7200000, 0x0000000100000000)
  eden space 17408K, 0% used [0x00000000d5580000,0x00000000d5580000,0x00000000d6680000)
  from space 2048K, 99% used [0x00000000d6b00000,0x00000000d6cff310,0x00000000d6d00000)
  to   space 4608K, 0% used [0x00000000d6680000,0x00000000d6680000,0x00000000d6b00000)
 ParOldGen       total 72704K, used 72536K [0x0000000080000000, 0x0000000084700000, 0x00000000d5580000)
  object space 72704K, 99% used [0x0000000080000000,0x00000000846d6260,0x0000000084700000)
 Metaspace       used 55896K, committed 57280K, reserved 1114112K
  class space    used 6005K, committed 6656K, reserved 1048576K
}
Event: 11.662 GC heap before
{Heap before GC invocations=41 (full 2):
 PSYoungGen      total 19456K, used 19452K [0x00000000d5580000, 0x00000000d7200000, 0x0000000100000000)
  eden space 17408K, 100% used [0x00000000d5580000,0x00000000d6680000,0x00000000d6680000)
  from space 2048K, 99% used [0x00000000d6b00000,0x00000000d6cff310,0x00000000d6d00000)
  to   space 4608K, 0% used [0x00000000d6680000,0x00000000d6680000,0x00000000d6b00000)
 ParOldGen       total 72704K, used 72536K [0x0000000080000000, 0x0000000084700000, 0x00000000d5580000)
  object space 72704K, 99% used [0x0000000080000000,0x00000000846d6260,0x0000000084700000)
 Metaspace       used 56663K, committed 58048K, reserved 1114112K
  class space    used 6047K, committed 6656K, reserved 1048576K
}
Event: 11.666 GC heap after
{Heap after GC invocations=41 (full 2):
 PSYoungGen      total 19968K, used 2342K [0x00000000d5580000, 0x00000000d6c80000, 0x0000000100000000)
  eden space 17408K, 0% used [0x00000000d5580000,0x00000000d5580000,0x00000000d6680000)
  from space 2560K, 91% used [0x00000000d6680000,0x00000000d68c9810,0x00000000d6900000)
  to   space 3072K, 0% used [0x00000000d6980000,0x00000000d6980000,0x00000000d6c80000)
 ParOldGen       total 74752K, used 74637K [0x0000000080000000, 0x0000000084900000, 0x00000000d5580000)
  object space 74752K, 99% used [0x0000000080000000,0x00000000848e36e8,0x0000000084900000)
 Metaspace       used 56663K, committed 58048K, reserved 1114112K
  class space    used 6047K, committed 6656K, reserved 1048576K
}
Event: 11.943 GC heap before
{Heap before GC invocations=42 (full 2):
 PSYoungGen      total 19968K, used 19750K [0x00000000d5580000, 0x00000000d6c80000, 0x0000000100000000)
  eden space 17408K, 100% used [0x00000000d5580000,0x00000000d6680000,0x00000000d6680000)
  from space 2560K, 91% used [0x00000000d6680000,0x00000000d68c9810,0x00000000d6900000)
  to   space 3072K, 0% used [0x00000000d6980000,0x00000000d6980000,0x00000000d6c80000)
 ParOldGen       total 74752K, used 74637K [0x0000000080000000, 0x0000000084900000, 0x00000000d5580000)
  object space 74752K, 99% used [0x0000000080000000,0x00000000848e36e8,0x0000000084900000)
 Metaspace       used 56931K, committed 58304K, reserved 1114112K
  class space    used 6048K, committed 6656K, reserved 1048576K
}
Event: 11.946 GC heap after
{Heap after GC invocations=42 (full 2):
 PSYoungGen      total 18432K, used 928K [0x00000000d5580000, 0x00000000d6a80000, 0x0000000100000000)
  eden space 17408K, 0% used [0x00000000d5580000,0x00000000d5580000,0x00000000d6680000)
  from space 1024K, 90% used [0x00000000d6980000,0x00000000d6a68000,0x00000000d6a80000)
  to   space 2048K, 0% used [0x00000000d6680000,0x00000000d6680000,0x00000000d6880000)
 ParOldGen       total 76800K, used 76722K [0x0000000080000000, 0x0000000084b00000, 0x00000000d5580000)
  object space 76800K, 99% used [0x0000000080000000,0x0000000084aec960,0x0000000084b00000)
 Metaspace       used 56931K, committed 58304K, reserved 1114112K
  class space    used 6048K, committed 6656K, reserved 1048576K
}
Event: 12.101 GC heap before
{Heap before GC invocations=43 (full 2):
 PSYoungGen      total 18432K, used 18336K [0x00000000d5580000, 0x00000000d6a80000, 0x0000000100000000)
  eden space 17408K, 100% used [0x00000000d5580000,0x00000000d6680000,0x00000000d6680000)
  from space 1024K, 90% used [0x00000000d6980000,0x00000000d6a68000,0x00000000d6a80000)
  to   space 2048K, 0% used [0x00000000d6680000,0x00000000d6680000,0x00000000d6880000)
 ParOldGen       total 76800K, used 76722K [0x0000000080000000, 0x0000000084b00000, 0x00000000d5580000)
  object space 76800K, 99% used [0x0000000080000000,0x0000000084aec960,0x0000000084b00000)
 Metaspace       used 56968K, committed 58368K, reserved 1114112K
  class space    used 6048K, committed 6656K, reserved 1048576K
}
Event: 12.103 GC heap after
{Heap after GC invocations=43 (full 2):
 PSYoungGen      total 19456K, used 640K [0x00000000d5580000, 0x00000000d6a00000, 0x0000000100000000)
  eden space 17408K, 0% used [0x00000000d5580000,0x00000000d5580000,0x00000000d6680000)
  from space 2048K, 31% used [0x00000000d6680000,0x00000000d6720000,0x00000000d6880000)
  to   space 1024K, 0% used [0x00000000d6900000,0x00000000d6900000,0x00000000d6a00000)
 ParOldGen       total 77824K, used 77548K [0x0000000080000000, 0x0000000084c00000, 0x00000000d5580000)
  object space 77824K, 99% used [0x0000000080000000,0x0000000084bbb2d0,0x0000000084c00000)
 Metaspace       used 56968K, committed 58368K, reserved 1114112K
  class space    used 6048K, committed 6656K, reserved 1048576K
}
Event: 12.249 GC heap before
{Heap before GC invocations=44 (full 2):
 PSYoungGen      total 19456K, used 18048K [0x00000000d5580000, 0x00000000d6a00000, 0x0000000100000000)
  eden space 17408K, 100% used [0x00000000d5580000,0x00000000d6680000,0x00000000d6680000)
  from space 2048K, 31% used [0x00000000d6680000,0x00000000d6720000,0x00000000d6880000)
  to   space 1024K, 0% used [0x00000000d6900000,0x00000000d6900000,0x00000000d6a00000)
 ParOldGen       total 77824K, used 77548K [0x0000000080000000, 0x0000000084c00000, 0x00000000d5580000)
  object space 77824K, 99% used [0x0000000080000000,0x0000000084bbb2d0,0x0000000084c00000)
 Metaspace       used 56988K, committed 58368K, reserved 1114112K
  class space    used 6048K, committed 6656K, reserved 1048576K
}
Event: 12.251 GC heap after
{Heap after GC invocations=44 (full 2):
 PSYoungGen      total 18432K, used 786K [0x00000000d5580000, 0x00000000d6a00000, 0x0000000100000000)
  eden space 17408K, 0% used [0x00000000d5580000,0x00000000d5580000,0x00000000d6680000)
  from space 1024K, 76% used [0x00000000d6900000,0x00000000d69c4ad0,0x00000000d6a00000)
  to   space 1024K, 0% used [0x00000000d6800000,0x00000000d6800000,0x00000000d6900000)
 ParOldGen       total 78336K, used 78060K [0x0000000080000000, 0x0000000084c80000, 0x00000000d5580000)
  object space 78336K, 99% used [0x0000000080000000,0x0000000084c3b2f0,0x0000000084c80000)
 Metaspace       used 56988K, committed 58368K, reserved 1114112K
  class space    used 6048K, committed 6656K, reserved 1048576K
}
Event: 12.389 GC heap before
{Heap before GC invocations=45 (full 2):
 PSYoungGen      total 18432K, used 18194K [0x00000000d5580000, 0x00000000d6a00000, 0x0000000100000000)
  eden space 17408K, 100% used [0x00000000d5580000,0x00000000d6680000,0x00000000d6680000)
  from space 1024K, 76% used [0x00000000d6900000,0x00000000d69c4ad0,0x00000000d6a00000)
  to   space 1024K, 0% used [0x00000000d6800000,0x00000000d6800000,0x00000000d6900000)
 ParOldGen       total 78336K, used 78060K [0x0000000080000000, 0x0000000084c80000, 0x00000000d5580000)
  object space 78336K, 99% used [0x0000000080000000,0x0000000084c3b2f0,0x0000000084c80000)
 Metaspace       used 57014K, committed 58368K, reserved 1114112K
  class space    used 6050K, committed 6656K, reserved 1048576K
}
Event: 12.391 GC heap after
{Heap after GC invocations=45 (full 2):
 PSYoungGen      total 18432K, used 930K [0x00000000d5580000, 0x00000000d6980000, 0x0000000100000000)
  eden space 17408K, 0% used [0x00000000d5580000,0x00000000d5580000,0x00000000d6680000)
  from space 1024K, 90% used [0x00000000d6800000,0x00000000d68e8958,0x00000000d6900000)
  to   space 512K, 0% used [0x00000000d6900000,0x00000000d6900000,0x00000000d6980000)
 ParOldGen       total 78848K, used 78719K [0x0000000080000000, 0x0000000084d00000, 0x00000000d5580000)
  object space 78848K, 99% used [0x0000000080000000,0x0000000084cdfdd0,0x0000000084d00000)
 Metaspace       used 57014K, committed 58368K, reserved 1114112K
  class space    used 6050K, committed 6656K, reserved 1048576K
}
Event: 12.888 GC heap before
{Heap before GC invocations=46 (full 2):
 PSYoungGen      total 18432K, used 18338K [0x00000000d5580000, 0x00000000d6980000, 0x0000000100000000)
  eden space 17408K, 100% used [0x00000000d5580000,0x00000000d6680000,0x00000000d6680000)
  from space 1024K, 90% used [0x00000000d6800000,0x00000000d68e8958,0x00000000d6900000)
  to   space 512K, 0% used [0x00000000d6900000,0x00000000d6900000,0x00000000d6980000)
 ParOldGen       total 78848K, used 78719K [0x0000000080000000, 0x0000000084d00000, 0x00000000d5580000)
  object space 78848K, 99% used [0x0000000080000000,0x0000000084cdfdd0,0x0000000084d00000)
 Metaspace       used 57981K, committed 59456K, reserved 1114112K
  class space    used 6179K, committed 6848K, reserved 1048576K
}
Event: 12.890 GC heap after
{Heap after GC invocations=46 (full 2):
 PSYoungGen      total 17408K, used 506K [0x00000000d5580000, 0x00000000d6c80000, 0x0000000100000000)
  eden space 16896K, 0% used [0x00000000d5580000,0x00000000d5580000,0x00000000d6600000)
  from space 512K, 98% used [0x00000000d6900000,0x00000000d697e860,0x00000000d6980000)
  to   space 3072K, 0% used [0x00000000d6600000,0x00000000d6600000,0x00000000d6900000)
 ParOldGen       total 80896K, used 80724K [0x0000000080000000, 0x0000000084f00000, 0x00000000d5580000)
  object space 80896K, 99% used [0x0000000080000000,0x0000000084ed5010,0x0000000084f00000)
 Metaspace       used 57981K, committed 59456K, reserved 1114112K
  class space    used 6179K, committed 6848K, reserved 1048576K
}

